<?xml version="1.0" encoding="UTF-8"?>
<!-- Generated by org.testng.reporters.JUnitReportReporter -->
<testsuite hostname="DESKTOP-004OQLE" failures="0" tests="2" name="runners.ICapRunner" time="69.331" errors="0" timestamp="2022-10-31T12:31:51 IST" skipped="0">
  <testcase classname="runners.ICapRunner" name="testclass" time="0.001"/>
  <system-out/>
  <testcase classname="runners.ICapRunner" name="runScenario" time="69.330"/>
  <system-out/>
</testsuite> <!-- runners.ICapRunner -->
